<?xml version="1.0" encoding="UTF-8"?>
<coverage generated="1772690492694" clover="3.2.0">
  <project timestamp="1772690492695" name="All files">
    <metrics statements="95" coveredstatements="92" conditionals="94" coveredconditionals="77" methods="17" coveredmethods="15" elements="206" coveredelements="184" complexity="0" loc="95" ncloc="95" packages="1" files="1" classes="1"/>
    <file name="emailVerifier.js" path="D:\Projects\email-verifier\src\emailVerifier.js">
      <metrics statements="95" coveredstatements="92" conditionals="94" coveredconditionals="77" methods="17" coveredmethods="15"/>
      <line num="3" count="1" type="stmt"/>
      <line num="4" count="1" type="stmt"/>
      <line num="6" count="1" type="stmt"/>
      <line num="8" count="1" type="stmt"/>
      <line num="14" count="164" type="stmt"/>
      <line num="15" count="164" type="stmt"/>
      <line num="16" count="26113" type="cond" truecount="4" falsecount="0"/>
      <line num="18" count="164" type="stmt"/>
      <line num="19" count="2398" type="stmt"/>
      <line num="20" count="22058" type="cond" truecount="2" falsecount="0"/>
      <line num="23" count="164" type="stmt"/>
      <line num="27" count="21" type="cond" truecount="4" falsecount="0"/>
      <line num="28" count="17" type="stmt"/>
      <line num="29" count="17" type="cond" truecount="2" falsecount="0"/>
      <line num="30" count="16" type="stmt"/>
      <line num="31" count="16" type="stmt"/>
      <line num="32" count="16" type="cond" truecount="1" falsecount="1"/>
      <line num="33" count="16" type="stmt"/>
      <line num="34" count="16" type="stmt"/>
      <line num="35" count="160" type="stmt"/>
      <line num="36" count="160" type="cond" truecount="2" falsecount="0"/>
      <line num="38" count="16" type="cond" truecount="4" falsecount="0"/>
      <line num="42" count="28" type="cond" truecount="4" falsecount="0"/>
      <line num="43" count="6" type="stmt"/>
      <line num="44" count="22" type="stmt"/>
      <line num="45" count="22" type="cond" truecount="1" falsecount="1"/>
      <line num="46" count="22" type="cond" truecount="2" falsecount="0"/>
      <line num="47" count="20" type="cond" truecount="2" falsecount="0"/>
      <line num="48" count="20" type="cond" truecount="2" falsecount="0"/>
      <line num="49" count="19" type="cond" truecount="2" falsecount="0"/>
      <line num="50" count="17" type="stmt"/>
      <line num="51" count="17" type="stmt"/>
      <line num="52" count="17" type="cond" truecount="4" falsecount="0"/>
      <line num="53" count="16" type="cond" truecount="1" falsecount="1"/>
      <line num="54" count="16" type="cond" truecount="4" falsecount="0"/>
      <line num="55" count="15" type="cond" truecount="2" falsecount="0"/>
      <line num="56" count="14" type="cond" truecount="4" falsecount="0"/>
      <line num="57" count="2" type="stmt"/>
      <line num="58" count="12" type="stmt"/>
      <line num="59" count="12" type="cond" truecount="1" falsecount="1"/>
      <line num="60" count="12" type="stmt"/>
      <line num="64" count="8" type="stmt"/>
      <line num="65" count="7" type="stmt"/>
      <line num="66" count="7" type="stmt"/>
      <line num="70" count="7" type="cond" truecount="1" falsecount="1"/>
      <line num="71" count="7" type="stmt"/>
      <line num="72" count="7" type="stmt"/>
      <line num="73" count="7" type="stmt"/>
      <line num="74" count="7" type="stmt"/>
      <line num="75" count="7" type="stmt"/>
      <line num="76" count="7" type="stmt"/>
      <line num="77" count="7" type="stmt"/>
      <line num="78" count="7" type="stmt"/>
      <line num="79" count="24" type="stmt"/>
      <line num="80" count="24" type="cond" truecount="1" falsecount="1"/>
      <line num="81" count="24" type="stmt"/>
      <line num="82" count="24" type="stmt"/>
      <line num="83" count="24" type="cond" truecount="2" falsecount="0"/>
      <line num="84" count="6" type="cond" truecount="1" falsecount="1"/>
      <line num="85" count="6" type="stmt"/>
      <line num="86" count="18" type="cond" truecount="2" falsecount="0"/>
      <line num="87" count="6" type="stmt"/>
      <line num="88" count="12" type="cond" truecount="1" falsecount="1"/>
      <line num="89" count="6" type="stmt"/>
      <line num="90" count="12" type="cond" truecount="2" falsecount="0"/>
      <line num="91" count="6" type="cond" truecount="1" falsecount="1"/>
      <line num="92" count="6" type="stmt"/>
      <line num="93" count="6" type="cond" truecount="1" falsecount="1"/>
      <line num="94" count="6" type="stmt"/>
      <line num="95" count="6" type="cond" truecount="4" falsecount="0"/>
      <line num="96" count="2" type="cond" truecount="5" falsecount="0"/>
      <line num="97" count="1" type="cond" truecount="2" falsecount="3"/>
      <line num="98" count="0" type="cond" truecount="0" falsecount="2"/>
      <line num="99" count="0" type="stmt"/>
      <line num="106" count="14" type="stmt"/>
      <line num="107" count="14" type="stmt"/>
      <line num="112" count="14" type="stmt"/>
      <line num="114" count="14" type="stmt"/>
      <line num="115" count="14" type="cond" truecount="2" falsecount="0"/>
      <line num="116" count="5" type="stmt"/>
      <line num="117" count="5" type="stmt"/>
      <line num="124" count="9" type="stmt"/>
      <line num="125" count="9" type="stmt"/>
      <line num="126" count="9" type="stmt"/>
      <line num="128" count="9" type="cond" truecount="2" falsecount="0"/>
      <line num="129" count="1" type="stmt"/>
      <line num="136" count="8" type="stmt"/>
      <line num="137" count="8" type="stmt"/>
      <line num="139" count="1" type="stmt"/>
      <line num="145" count="7" type="stmt"/>
      <line num="148" count="7" type="stmt"/>
      <line num="149" count="7" type="stmt"/>
      <line num="151" count="0" type="stmt"/>
      <line num="154" count="7" type="stmt"/>
      <line num="161" count="1" type="stmt"/>
    </file>
  </project>
</coverage>
