{"D:\\Projects\\email-verifier\\src\\emailVerifier.js": {"path":"D:\\Projects\\email-verifier\\src\\emailVerifier.js","statementMap":{"0":{"start":{"line":3,"column":12},"end":{"line":3,"column":35}},"1":{"start":{"line":4,"column":12},"end":{"line":4,"column":26}},"2":{"start":{"line":6,"column":21},"end":{"line":6,"column":57}},"3":{"start":{"line":8,"column":23},"end":{"line":11,"column":1}},"4":{"start":{"line":14,"column":12},"end":{"line":14,"column":20}},"5":{"start":{"line":14,"column":26},"end":{"line":14,"column":34}},"6":{"start":{"line":15,"column":13},"end":{"line":17,"column":3}},"7":{"start":{"line":16,"column":4},"end":{"line":16,"column":76}},"8":{"start":{"line":16,"column":45},"end":{"line":16,"column":74}},"9":{"start":{"line":18,"column":2},"end":{"line":22,"column":61}},"10":{"start":{"line":18,"column":15},"end":{"line":18,"column":16}},"11":{"start":{"line":19,"column":4},"end":{"line":22,"column":61}},"12":{"start":{"line":19,"column":17},"end":{"line":19,"column":18}},"13":{"start":{"line":20,"column":6},"end":{"line":22,"column":61}},"14":{"start":{"line":23,"column":2},"end":{"line":23,"column":18}},"15":{"start":{"line":27,"column":2},"end":{"line":27,"column":55}},"16":{"start":{"line":27,"column":43},"end":{"line":27,"column":55}},"17":{"start":{"line":28,"column":16},"end":{"line":28,"column":38}},"18":{"start":{"line":29,"column":2},"end":{"line":29,"column":32}},"19":{"start":{"line":29,"column":20},"end":{"line":29,"column":32}},"20":{"start":{"line":30,"column":20},"end":{"line":30,"column":41}},"21":{"start":{"line":31,"column":17},"end":{"line":31,"column":53}},"22":{"start":{"line":32,"column":2},"end":{"line":32,"column":51}},"23":{"start":{"line":32,"column":39},"end":{"line":32,"column":51}},"24":{"start":{"line":33,"column":19},"end":{"line":33,"column":23}},"25":{"start":{"line":33,"column":36},"end":{"line":33,"column":44}},"26":{"start":{"line":34,"column":2},"end":{"line":37,"column":3}},"27":{"start":{"line":35,"column":17},"end":{"line":35,"column":47}},"28":{"start":{"line":36,"column":4},"end":{"line":36,"column":69}},"29":{"start":{"line":36,"column":27},"end":{"line":36,"column":43}},"30":{"start":{"line":36,"column":44},"end":{"line":36,"column":67}},"31":{"start":{"line":38,"column":2},"end":{"line":38,"column":90}},"32":{"start":{"line":42,"column":2},"end":{"line":43,"column":72}},"33":{"start":{"line":43,"column":4},"end":{"line":43,"column":72}},"34":{"start":{"line":44,"column":12},"end":{"line":44,"column":24}},"35":{"start":{"line":45,"column":2},"end":{"line":45,"column":73}},"36":{"start":{"line":45,"column":23},"end":{"line":45,"column":73}},"37":{"start":{"line":46,"column":2},"end":{"line":46,"column":105}},"38":{"start":{"line":46,"column":23},"end":{"line":46,"column":105}},"39":{"start":{"line":47,"column":18},"end":{"line":47,"column":46}},"40":{"start":{"line":48,"column":2},"end":{"line":48,"column":73}},"41":{"start":{"line":48,"column":21},"end":{"line":48,"column":73}},"42":{"start":{"line":49,"column":2},"end":{"line":49,"column":81}},"43":{"start":{"line":49,"column":21},"end":{"line":49,"column":81}},"44":{"start":{"line":50,"column":16},"end":{"line":50,"column":28}},"45":{"start":{"line":51,"column":16},"end":{"line":51,"column":24}},"46":{"start":{"line":51,"column":35},"end":{"line":51,"column":43}},"47":{"start":{"line":52,"column":2},"end":{"line":52,"column":101}},"48":{"start":{"line":52,"column":38},"end":{"line":52,"column":101}},"49":{"start":{"line":53,"column":2},"end":{"line":53,"column":106}},"50":{"start":{"line":53,"column":38},"end":{"line":53,"column":106}},"51":{"start":{"line":54,"column":2},"end":{"line":54,"column":96}},"52":{"start":{"line":54,"column":38},"end":{"line":54,"column":96}},"53":{"start":{"line":55,"column":2},"end":{"line":55,"column":106}},"54":{"start":{"line":55,"column":38},"end":{"line":55,"column":106}},"55":{"start":{"line":56,"column":2},"end":{"line":57,"column":81}},"56":{"start":{"line":57,"column":4},"end":{"line":57,"column":81}},"57":{"start":{"line":58,"column":13},"end":{"line":58,"column":162}},"58":{"start":{"line":59,"column":2},"end":{"line":59,"column":75}},"59":{"start":{"line":59,"column":19},"end":{"line":59,"column":75}},"60":{"start":{"line":60,"column":2},"end":{"line":60,"column":25}},"61":{"start":{"line":64,"column":18},"end":{"line":64,"column":45}},"62":{"start":{"line":65,"column":2},"end":{"line":65,"column":50}},"63":{"start":{"line":65,"column":25},"end":{"line":65,"column":48}},"64":{"start":{"line":66,"column":2},"end":{"line":66,"column":38}},"65":{"start":{"line":66,"column":26},"end":{"line":66,"column":36}},"66":{"start":{"line":70,"column":2},"end":{"line":70,"column":36}},"67":{"start":{"line":70,"column":18},"end":{"line":70,"column":36}},"68":{"start":{"line":71,"column":2},"end":{"line":102,"column":5}},"69":{"start":{"line":72,"column":19},"end":{"line":72,"column":67}},"70":{"start":{"line":73,"column":17},"end":{"line":73,"column":19}},"71":{"start":{"line":73,"column":28},"end":{"line":73,"column":29}},"72":{"start":{"line":74,"column":39},"end":{"line":74,"column":56}},"73":{"start":{"line":74,"column":57},"end":{"line":74,"column":88}},"74":{"start":{"line":75,"column":4},"end":{"line":75,"column":33}},"75":{"start":{"line":76,"column":4},"end":{"line":76,"column":80}},"76":{"start":{"line":76,"column":38},"end":{"line":76,"column":76}},"77":{"start":{"line":77,"column":4},"end":{"line":77,"column":78}},"78":{"start":{"line":77,"column":38},"end":{"line":77,"column":74}},"79":{"start":{"line":78,"column":4},"end":{"line":101,"column":7}},"80":{"start":{"line":79,"column":6},"end":{"line":79,"column":33}},"81":{"start":{"line":80,"column":6},"end":{"line":80,"column":41}},"82":{"start":{"line":80,"column":34},"end":{"line":80,"column":41}},"83":{"start":{"line":81,"column":19},"end":{"line":81,"column":32}},"84":{"start":{"line":82,"column":6},"end":{"line":82,"column":18}},"85":{"start":{"line":83,"column":6},"end":{"line":100,"column":7}},"86":{"start":{"line":84,"column":8},"end":{"line":84,"column":78}},"87":{"start":{"line":84,"column":35},"end":{"line":84,"column":78}},"88":{"start":{"line":85,"column":8},"end":{"line":85,"column":17}},"89":{"start":{"line":85,"column":18},"end":{"line":85,"column":64}},"90":{"start":{"line":86,"column":13},"end":{"line":100,"column":7}},"91":{"start":{"line":87,"column":22},"end":{"line":87,"column":38}},"92":{"start":{"line":88,"column":8},"end":{"line":88,"column":54}},"93":{"start":{"line":88,"column":29},"end":{"line":88,"column":44}},"94":{"start":{"line":88,"column":47},"end":{"line":88,"column":54}},"95":{"start":{"line":89,"column":8},"end":{"line":89,"column":17}},"96":{"start":{"line":89,"column":18},"end":{"line":89,"column":78}},"97":{"start":{"line":90,"column":13},"end":{"line":100,"column":7}},"98":{"start":{"line":91,"column":8},"end":{"line":91,"column":72}},"99":{"start":{"line":91,"column":35},"end":{"line":91,"column":72}},"100":{"start":{"line":92,"column":8},"end":{"line":92,"column":17}},"101":{"start":{"line":92,"column":18},"end":{"line":92,"column":62}},"102":{"start":{"line":93,"column":13},"end":{"line":100,"column":7}},"103":{"start":{"line":94,"column":21},"end":{"line":94,"column":51}},"104":{"start":{"line":95,"column":8},"end":{"line":99,"column":94}},"105":{"start":{"line":95,"column":63},"end":{"line":95,"column":97}},"106":{"start":{"line":96,"column":13},"end":{"line":99,"column":94}},"107":{"start":{"line":96,"column":63},"end":{"line":96,"column":105}},"108":{"start":{"line":97,"column":13},"end":{"line":99,"column":94}},"109":{"start":{"line":97,"column":63},"end":{"line":97,"column":93}},"110":{"start":{"line":98,"column":13},"end":{"line":99,"column":94}},"111":{"start":{"line":98,"column":63},"end":{"line":98,"column":99}},"112":{"start":{"line":99,"column":64},"end":{"line":99,"column":94}},"113":{"start":{"line":106,"column":20},"end":{"line":106,"column":30}},"114":{"start":{"line":107,"column":15},"end":{"line":111,"column":3}},"115":{"start":{"line":112,"column":23},"end":{"line":112,"column":87}},"116":{"start":{"line":114,"column":22},"end":{"line":114,"column":43}},"117":{"start":{"line":115,"column":2},"end":{"line":122,"column":3}},"118":{"start":{"line":116,"column":23},"end":{"line":116,"column":43}},"119":{"start":{"line":117,"column":4},"end":{"line":121,"column":7}},"120":{"start":{"line":124,"column":17},"end":{"line":124,"column":70}},"121":{"start":{"line":125,"column":2},"end":{"line":125,"column":23}},"122":{"start":{"line":126,"column":2},"end":{"line":126,"column":41}},"123":{"start":{"line":128,"column":2},"end":{"line":133,"column":3}},"124":{"start":{"line":129,"column":4},"end":{"line":132,"column":7}},"125":{"start":{"line":136,"column":2},"end":{"line":144,"column":3}},"126":{"start":{"line":137,"column":4},"end":{"line":137,"column":43}},"127":{"start":{"line":139,"column":4},"end":{"line":143,"column":7}},"128":{"start":{"line":145,"column":2},"end":{"line":145,"column":29}},"129":{"start":{"line":148,"column":2},"end":{"line":152,"column":3}},"130":{"start":{"line":149,"column":4},"end":{"line":149,"column":54}},"131":{"start":{"line":151,"column":4},"end":{"line":151,"column":70}},"132":{"start":{"line":154,"column":2},"end":{"line":158,"column":5}},"133":{"start":{"line":161,"column":0},"end":{"line":161,"column":132}}},"fnMap":{"0":{"name":"levenshtein","decl":{"start":{"line":13,"column":9},"end":{"line":13,"column":20}},"loc":{"start":{"line":13,"column":27},"end":{"line":24,"column":1}},"line":13},"1":{"name":"(anonymous_1)","decl":{"start":{"line":15,"column":43},"end":{"line":15,"column":44}},"loc":{"start":{"line":16,"column":4},"end":{"line":16,"column":76}},"line":16},"2":{"name":"(anonymous_2)","decl":{"start":{"line":16,"column":34},"end":{"line":16,"column":35}},"loc":{"start":{"line":16,"column":45},"end":{"line":16,"column":74}},"line":16},"3":{"name":"getDidYouMean","decl":{"start":{"line":26,"column":9},"end":{"line":26,"column":22}},"loc":{"start":{"line":26,"column":30},"end":{"line":39,"column":1}},"line":26},"4":{"name":"validateSyntax","decl":{"start":{"line":41,"column":9},"end":{"line":41,"column":23}},"loc":{"start":{"line":41,"column":31},"end":{"line":61,"column":1}},"line":41},"5":{"name":"getMxRecords","decl":{"start":{"line":63,"column":15},"end":{"line":63,"column":27}},"loc":{"start":{"line":63,"column":36},"end":{"line":67,"column":1}},"line":63},"6":{"name":"(anonymous_6)","decl":{"start":{"line":65,"column":15},"end":{"line":65,"column":16}},"loc":{"start":{"line":65,"column":25},"end":{"line":65,"column":48}},"line":65},"7":{"name":"(anonymous_7)","decl":{"start":{"line":66,"column":21},"end":{"line":66,"column":22}},"loc":{"start":{"line":66,"column":26},"end":{"line":66,"column":36}},"line":66},"8":{"name":"smtpProbe","decl":{"start":{"line":69,"column":9},"end":{"line":69,"column":18}},"loc":{"start":{"line":69,"column":45},"end":{"line":103,"column":1}},"line":69},"9":{"name":"(anonymous_9)","decl":{"start":{"line":71,"column":21},"end":{"line":71,"column":22}},"loc":{"start":{"line":71,"column":39},"end":{"line":102,"column":3}},"line":71},"10":{"name":"done","decl":{"start":{"line":74,"column":13},"end":{"line":74,"column":17}},"loc":{"start":{"line":74,"column":37},"end":{"line":74,"column":90}},"line":74},"11":{"name":"(anonymous_11)","decl":{"start":{"line":76,"column":25},"end":{"line":76,"column":26}},"loc":{"start":{"line":76,"column":36},"end":{"line":76,"column":78}},"line":76},"12":{"name":"(anonymous_12)","decl":{"start":{"line":77,"column":25},"end":{"line":77,"column":26}},"loc":{"start":{"line":77,"column":36},"end":{"line":77,"column":76}},"line":77},"13":{"name":"(anonymous_13)","decl":{"start":{"line":78,"column":22},"end":{"line":78,"column":23}},"loc":{"start":{"line":78,"column":38},"end":{"line":101,"column":5}},"line":78},"14":{"name":"(anonymous_14)","decl":{"start":{"line":88,"column":24},"end":{"line":88,"column":25}},"loc":{"start":{"line":88,"column":29},"end":{"line":88,"column":44}},"line":88},"15":{"name":"verifyEmail","decl":{"start":{"line":105,"column":15},"end":{"line":105,"column":26}},"loc":{"start":{"line":105,"column":34},"end":{"line":159,"column":1}},"line":105},"16":{"name":"elapsed","decl":{"start":{"line":112,"column":11},"end":{"line":112,"column":18}},"loc":{"start":{"line":112,"column":21},"end":{"line":112,"column":89}},"line":112}},"branchMap":{"0":{"loc":{"start":{"line":16,"column":45},"end":{"line":16,"column":74}},"type":"cond-expr","locations":[{"start":{"line":16,"column":55},"end":{"line":16,"column":56}},{"start":{"line":16,"column":59},"end":{"line":16,"column":74}}],"line":16},"1":{"loc":{"start":{"line":16,"column":59},"end":{"line":16,"column":74}},"type":"cond-expr","locations":[{"start":{"line":16,"column":69},"end":{"line":16,"column":70}},{"start":{"line":16,"column":73},"end":{"line":16,"column":74}}],"line":16},"2":{"loc":{"start":{"line":20,"column":17},"end":{"line":22,"column":60}},"type":"cond-expr","locations":[{"start":{"line":21,"column":10},"end":{"line":21,"column":22}},{"start":{"line":22,"column":10},"end":{"line":22,"column":60}}],"line":20},"3":{"loc":{"start":{"line":27,"column":2},"end":{"line":27,"column":55}},"type":"if","locations":[{"start":{"line":27,"column":2},"end":{"line":27,"column":55}},{"start":{},"end":{}}],"line":27},"4":{"loc":{"start":{"line":27,"column":6},"end":{"line":27,"column":41}},"type":"binary-expr","locations":[{"start":{"line":27,"column":6},"end":{"line":27,"column":12}},{"start":{"line":27,"column":16},"end":{"line":27,"column":41}}],"line":27},"5":{"loc":{"start":{"line":29,"column":2},"end":{"line":29,"column":32}},"type":"if","locations":[{"start":{"line":29,"column":2},"end":{"line":29,"column":32}},{"start":{},"end":{}}],"line":29},"6":{"loc":{"start":{"line":32,"column":2},"end":{"line":32,"column":51}},"type":"if","locations":[{"start":{"line":32,"column":2},"end":{"line":32,"column":51}},{"start":{},"end":{}}],"line":32},"7":{"loc":{"start":{"line":36,"column":4},"end":{"line":36,"column":69}},"type":"if","locations":[{"start":{"line":36,"column":4},"end":{"line":36,"column":69}},{"start":{},"end":{}}],"line":36},"8":{"loc":{"start":{"line":38,"column":9},"end":{"line":38,"column":89}},"type":"cond-expr","locations":[{"start":{"line":38,"column":53},"end":{"line":38,"column":81}},{"start":{"line":38,"column":85},"end":{"line":38,"column":89}}],"line":38},"9":{"loc":{"start":{"line":38,"column":10},"end":{"line":38,"column":48}},"type":"binary-expr","locations":[{"start":{"line":38,"column":10},"end":{"line":38,"column":23}},{"start":{"line":38,"column":27},"end":{"line":38,"column":48}}],"line":38},"10":{"loc":{"start":{"line":42,"column":2},"end":{"line":43,"column":72}},"type":"if","locations":[{"start":{"line":42,"column":2},"end":{"line":43,"column":72}},{"start":{},"end":{}}],"line":42},"11":{"loc":{"start":{"line":42,"column":6},"end":{"line":42,"column":41}},"type":"binary-expr","locations":[{"start":{"line":42,"column":6},"end":{"line":42,"column":12}},{"start":{"line":42,"column":16},"end":{"line":42,"column":41}}],"line":42},"12":{"loc":{"start":{"line":45,"column":2},"end":{"line":45,"column":73}},"type":"if","locations":[{"start":{"line":45,"column":2},"end":{"line":45,"column":73}},{"start":{},"end":{}}],"line":45},"13":{"loc":{"start":{"line":46,"column":2},"end":{"line":46,"column":105}},"type":"if","locations":[{"start":{"line":46,"column":2},"end":{"line":46,"column":105}},{"start":{},"end":{}}],"line":46},"14":{"loc":{"start":{"line":47,"column":19},"end":{"line":47,"column":38}},"type":"binary-expr","locations":[{"start":{"line":47,"column":19},"end":{"line":47,"column":32}},{"start":{"line":47,"column":36},"end":{"line":47,"column":38}}],"line":47},"15":{"loc":{"start":{"line":48,"column":2},"end":{"line":48,"column":73}},"type":"if","locations":[{"start":{"line":48,"column":2},"end":{"line":48,"column":73}},{"start":{},"end":{}}],"line":48},"16":{"loc":{"start":{"line":49,"column":2},"end":{"line":49,"column":81}},"type":"if","locations":[{"start":{"line":49,"column":2},"end":{"line":49,"column":81}},{"start":{},"end":{}}],"line":49},"17":{"loc":{"start":{"line":52,"column":2},"end":{"line":52,"column":101}},"type":"if","locations":[{"start":{"line":52,"column":2},"end":{"line":52,"column":101}},{"start":{},"end":{}}],"line":52},"18":{"loc":{"start":{"line":52,"column":6},"end":{"line":52,"column":34}},"type":"binary-expr","locations":[{"start":{"line":52,"column":6},"end":{"line":52,"column":12}},{"start":{"line":52,"column":16},"end":{"line":52,"column":34}}],"line":52},"19":{"loc":{"start":{"line":53,"column":2},"end":{"line":53,"column":106}},"type":"if","locations":[{"start":{"line":53,"column":2},"end":{"line":53,"column":106}},{"start":{},"end":{}}],"line":53},"20":{"loc":{"start":{"line":54,"column":2},"end":{"line":54,"column":96}},"type":"if","locations":[{"start":{"line":54,"column":2},"end":{"line":54,"column":96}},{"start":{},"end":{}}],"line":54},"21":{"loc":{"start":{"line":54,"column":6},"end":{"line":54,"column":36}},"type":"binary-expr","locations":[{"start":{"line":54,"column":6},"end":{"line":54,"column":13}},{"start":{"line":54,"column":17},"end":{"line":54,"column":36}}],"line":54},"22":{"loc":{"start":{"line":55,"column":2},"end":{"line":55,"column":106}},"type":"if","locations":[{"start":{"line":55,"column":2},"end":{"line":55,"column":106}},{"start":{},"end":{}}],"line":55},"23":{"loc":{"start":{"line":56,"column":2},"end":{"line":57,"column":81}},"type":"if","locations":[{"start":{"line":56,"column":2},"end":{"line":57,"column":81}},{"start":{},"end":{}}],"line":56},"24":{"loc":{"start":{"line":56,"column":6},"end":{"line":56,"column":50}},"type":"binary-expr","locations":[{"start":{"line":56,"column":6},"end":{"line":56,"column":27}},{"start":{"line":56,"column":31},"end":{"line":56,"column":50}}],"line":56},"25":{"loc":{"start":{"line":59,"column":2},"end":{"line":59,"column":75}},"type":"if","locations":[{"start":{"line":59,"column":2},"end":{"line":59,"column":75}},{"start":{},"end":{}}],"line":59},"26":{"loc":{"start":{"line":70,"column":2},"end":{"line":70,"column":36}},"type":"if","locations":[{"start":{"line":70,"column":2},"end":{"line":70,"column":36}},{"start":{},"end":{}}],"line":70},"27":{"loc":{"start":{"line":80,"column":6},"end":{"line":80,"column":41}},"type":"if","locations":[{"start":{"line":80,"column":6},"end":{"line":80,"column":41}},{"start":{},"end":{}}],"line":80},"28":{"loc":{"start":{"line":83,"column":6},"end":{"line":100,"column":7}},"type":"if","locations":[{"start":{"line":83,"column":6},"end":{"line":100,"column":7}},{"start":{"line":86,"column":13},"end":{"line":100,"column":7}}],"line":83},"29":{"loc":{"start":{"line":84,"column":8},"end":{"line":84,"column":78}},"type":"if","locations":[{"start":{"line":84,"column":8},"end":{"line":84,"column":78}},{"start":{},"end":{}}],"line":84},"30":{"loc":{"start":{"line":86,"column":13},"end":{"line":100,"column":7}},"type":"if","locations":[{"start":{"line":86,"column":13},"end":{"line":100,"column":7}},{"start":{"line":90,"column":13},"end":{"line":100,"column":7}}],"line":86},"31":{"loc":{"start":{"line":88,"column":8},"end":{"line":88,"column":54}},"type":"if","locations":[{"start":{"line":88,"column":8},"end":{"line":88,"column":54}},{"start":{},"end":{}}],"line":88},"32":{"loc":{"start":{"line":90,"column":13},"end":{"line":100,"column":7}},"type":"if","locations":[{"start":{"line":90,"column":13},"end":{"line":100,"column":7}},{"start":{"line":93,"column":13},"end":{"line":100,"column":7}}],"line":90},"33":{"loc":{"start":{"line":91,"column":8},"end":{"line":91,"column":72}},"type":"if","locations":[{"start":{"line":91,"column":8},"end":{"line":91,"column":72}},{"start":{},"end":{}}],"line":91},"34":{"loc":{"start":{"line":93,"column":13},"end":{"line":100,"column":7}},"type":"if","locations":[{"start":{"line":93,"column":13},"end":{"line":100,"column":7}},{"start":{},"end":{}}],"line":93},"35":{"loc":{"start":{"line":95,"column":8},"end":{"line":99,"column":94}},"type":"if","locations":[{"start":{"line":95,"column":8},"end":{"line":99,"column":94}},{"start":{"line":96,"column":13},"end":{"line":99,"column":94}}],"line":95},"36":{"loc":{"start":{"line":95,"column":12},"end":{"line":95,"column":37}},"type":"binary-expr","locations":[{"start":{"line":95,"column":12},"end":{"line":95,"column":23}},{"start":{"line":95,"column":27},"end":{"line":95,"column":37}}],"line":95},"37":{"loc":{"start":{"line":96,"column":13},"end":{"line":99,"column":94}},"type":"if","locations":[{"start":{"line":96,"column":13},"end":{"line":99,"column":94}},{"start":{"line":97,"column":13},"end":{"line":99,"column":94}}],"line":96},"38":{"loc":{"start":{"line":96,"column":17},"end":{"line":96,"column":61}},"type":"binary-expr","locations":[{"start":{"line":96,"column":17},"end":{"line":96,"column":29}},{"start":{"line":96,"column":33},"end":{"line":96,"column":45}},{"start":{"line":96,"column":49},"end":{"line":96,"column":61}}],"line":96},"39":{"loc":{"start":{"line":97,"column":13},"end":{"line":99,"column":94}},"type":"if","locations":[{"start":{"line":97,"column":13},"end":{"line":99,"column":94}},{"start":{"line":98,"column":13},"end":{"line":99,"column":94}}],"line":97},"40":{"loc":{"start":{"line":97,"column":17},"end":{"line":97,"column":61}},"type":"binary-expr","locations":[{"start":{"line":97,"column":17},"end":{"line":97,"column":29}},{"start":{"line":97,"column":33},"end":{"line":97,"column":45}},{"start":{"line":97,"column":49},"end":{"line":97,"column":61}}],"line":97},"41":{"loc":{"start":{"line":98,"column":13},"end":{"line":99,"column":94}},"type":"if","locations":[{"start":{"line":98,"column":13},"end":{"line":99,"column":94}},{"start":{"line":99,"column":64},"end":{"line":99,"column":94}}],"line":98},"42":{"loc":{"start":{"line":115,"column":2},"end":{"line":122,"column":3}},"type":"if","locations":[{"start":{"line":115,"column":2},"end":{"line":122,"column":3}},{"start":{},"end":{}}],"line":115},"43":{"loc":{"start":{"line":119,"column":17},"end":{"line":119,"column":64}},"type":"cond-expr","locations":[{"start":{"line":119,"column":30},"end":{"line":119,"column":45}},{"start":{"line":119,"column":48},"end":{"line":119,"column":64}}],"line":119},"44":{"loc":{"start":{"line":128,"column":2},"end":{"line":133,"column":3}},"type":"if","locations":[{"start":{"line":128,"column":2},"end":{"line":133,"column":3}},{"start":{},"end":{}}],"line":128},"45":{"loc":{"start":{"line":156,"column":16},"end":{"line":156,"column":118}},"type":"cond-expr","locations":[{"start":{"line":156,"column":64},"end":{"line":156,"column":95}},{"start":{"line":156,"column":98},"end":{"line":156,"column":118}}],"line":156}},"s":{"0":1,"1":1,"2":1,"3":1,"4":164,"5":164,"6":164,"7":2562,"8":26113,"9":164,"10":164,"11":2398,"12":2398,"13":22058,"14":164,"15":21,"16":4,"17":17,"18":17,"19":1,"20":16,"21":16,"22":16,"23":0,"24":16,"25":16,"26":16,"27":160,"28":160,"29":21,"30":21,"31":16,"32":28,"33":6,"34":22,"35":22,"36":0,"37":22,"38":2,"39":20,"40":20,"41":1,"42":19,"43":2,"44":17,"45":17,"46":17,"47":17,"48":1,"49":16,"50":0,"51":16,"52":1,"53":15,"54":1,"55":14,"56":2,"57":12,"58":12,"59":0,"60":12,"61":8,"62":7,"63":0,"64":7,"65":7,"66":7,"67":7,"68":7,"69":7,"70":7,"71":7,"72":7,"73":7,"74":7,"75":7,"76":1,"77":7,"78":0,"79":7,"80":24,"81":24,"82":0,"83":24,"84":24,"85":24,"86":6,"87":0,"88":6,"89":6,"90":18,"91":6,"92":6,"93":12,"94":0,"95":6,"96":6,"97":12,"98":6,"99":0,"100":6,"101":6,"102":6,"103":6,"104":6,"105":4,"106":2,"107":1,"108":1,"109":1,"110":0,"111":0,"112":0,"113":14,"114":14,"115":14,"116":14,"117":14,"118":5,"119":5,"120":9,"121":9,"122":9,"123":9,"124":1,"125":8,"126":8,"127":1,"128":7,"129":7,"130":7,"131":0,"132":7,"133":1},"f":{"0":164,"1":2562,"2":26113,"3":21,"4":28,"5":8,"6":0,"7":7,"8":7,"9":7,"10":7,"11":1,"12":0,"13":24,"14":12,"15":14,"16":14},"b":{"0":[1657,24456],"1":[2398,22058],"2":[1555,20503],"3":[4,17],"4":[21,17],"5":[1,16],"6":[0,16],"7":[21,139],"8":[5,11],"9":[16,5],"10":[6,22],"11":[28,22],"12":[0,22],"13":[2,20],"14":[20,1],"15":[1,19],"16":[2,17],"17":[1,16],"18":[17,16],"19":[0,16],"20":[1,15],"21":[16,15],"22":[1,14],"23":[2,12],"24":[14,13],"25":[0,12],"26":[7,0],"27":[0,24],"28":[6,18],"29":[0,6],"30":[6,12],"31":[0,6],"32":[6,6],"33":[0,6],"34":[6,0],"35":[4,2],"36":[6,6],"37":[1,1],"38":[2,1,1],"39":[1,0],"40":[1,0,0],"41":[0,0],"42":[5,9],"43":[0,5],"44":[1,8],"45":[7,0]},"_coverageSchema":"1a1c01bbd47fc00a2c39e90264f33305004495a9","hash":"bcddcc12e0e03ff83a87bcf6be73dfcceb1c1ac9"}
}
