TN:
SF:src\emailVerifier.js
FN:13,levenshtein
FN:15,(anonymous_1)
FN:16,(anonymous_2)
FN:26,getDidYouMean
FN:41,validateSyntax
FN:63,getMxRecords
FN:65,(anonymous_6)
FN:66,(anonymous_7)
FN:69,smtpProbe
FN:71,(anonymous_9)
FN:74,done
FN:76,(anonymous_11)
FN:77,(anonymous_12)
FN:78,(anonymous_13)
FN:88,(anonymous_14)
FN:105,verifyEmail
FN:112,elapsed
FNF:17
FNH:15
FNDA:164,levenshtein
FNDA:2562,(anonymous_1)
FNDA:26113,(anonymous_2)
FNDA:21,getDidYouMean
FNDA:28,validateSyntax
FNDA:8,getMxRecords
FNDA:0,(anonymous_6)
FNDA:7,(anonymous_7)
FNDA:7,smtpProbe
FNDA:7,(anonymous_9)
FNDA:7,done
FNDA:1,(anonymous_11)
FNDA:0,(anonymous_12)
FNDA:24,(anonymous_13)
FNDA:12,(anonymous_14)
FNDA:14,verifyEmail
FNDA:14,elapsed
DA:3,1
DA:4,1
DA:6,1
DA:8,1
DA:14,164
DA:15,164
DA:16,26113
DA:18,164
DA:19,2398
DA:20,22058
DA:23,164
DA:27,21
DA:28,17
DA:29,17
DA:30,16
DA:31,16
DA:32,16
DA:33,16
DA:34,16
DA:35,160
DA:36,160
DA:38,16
DA:42,28
DA:43,6
DA:44,22
DA:45,22
DA:46,22
DA:47,20
DA:48,20
DA:49,19
DA:50,17
DA:51,17
DA:52,17
DA:53,16
DA:54,16
DA:55,15
DA:56,14
DA:57,2
DA:58,12
DA:59,12
DA:60,12
DA:64,8
DA:65,7
DA:66,7
DA:70,7
DA:71,7
DA:72,7
DA:73,7
DA:74,7
DA:75,7
DA:76,7
DA:77,7
DA:78,7
DA:79,24
DA:80,24
DA:81,24
DA:82,24
DA:83,24
DA:84,6
DA:85,6
DA:86,18
DA:87,6
DA:88,12
DA:89,6
DA:90,12
DA:91,6
DA:92,6
DA:93,6
DA:94,6
DA:95,6
DA:96,2
DA:97,1
DA:98,0
DA:99,0
DA:106,14
DA:107,14
DA:112,14
DA:114,14
DA:115,14
DA:116,5
DA:117,5
DA:124,9
DA:125,9
DA:126,9
DA:128,9
DA:129,1
DA:136,8
DA:137,8
DA:139,1
DA:145,7
DA:148,7
DA:149,7
DA:151,0
DA:154,7
DA:161,1
LF:95
LH:92
BRDA:16,0,0,1657
BRDA:16,0,1,24456
BRDA:16,1,0,2398
BRDA:16,1,1,22058
BRDA:20,2,0,1555
BRDA:20,2,1,20503
BRDA:27,3,0,4
BRDA:27,3,1,17
BRDA:27,4,0,21
BRDA:27,4,1,17
BRDA:29,5,0,1
BRDA:29,5,1,16
BRDA:32,6,0,0
BRDA:32,6,1,16
BRDA:36,7,0,21
BRDA:36,7,1,139
BRDA:38,8,0,5
BRDA:38,8,1,11
BRDA:38,9,0,16
BRDA:38,9,1,5
BRDA:42,10,0,6
BRDA:42,10,1,22
BRDA:42,11,0,28
BRDA:42,11,1,22
BRDA:45,12,0,0
BRDA:45,12,1,22
BRDA:46,13,0,2
BRDA:46,13,1,20
BRDA:47,14,0,20
BRDA:47,14,1,1
BRDA:48,15,0,1
BRDA:48,15,1,19
BRDA:49,16,0,2
BRDA:49,16,1,17
BRDA:52,17,0,1
BRDA:52,17,1,16
BRDA:52,18,0,17
BRDA:52,18,1,16
BRDA:53,19,0,0
BRDA:53,19,1,16
BRDA:54,20,0,1
BRDA:54,20,1,15
BRDA:54,21,0,16
BRDA:54,21,1,15
BRDA:55,22,0,1
BRDA:55,22,1,14
BRDA:56,23,0,2
BRDA:56,23,1,12
BRDA:56,24,0,14
BRDA:56,24,1,13
BRDA:59,25,0,0
BRDA:59,25,1,12
BRDA:70,26,0,7
BRDA:70,26,1,0
BRDA:80,27,0,0
BRDA:80,27,1,24
BRDA:83,28,0,6
BRDA:83,28,1,18
BRDA:84,29,0,0
BRDA:84,29,1,6
BRDA:86,30,0,6
BRDA:86,30,1,12
BRDA:88,31,0,0
BRDA:88,31,1,6
BRDA:90,32,0,6
BRDA:90,32,1,6
BRDA:91,33,0,0
BRDA:91,33,1,6
BRDA:93,34,0,6
BRDA:93,34,1,0
BRDA:95,35,0,4
BRDA:95,35,1,2
BRDA:95,36,0,6
BRDA:95,36,1,6
BRDA:96,37,0,1
BRDA:96,37,1,1
BRDA:96,38,0,2
BRDA:96,38,1,1
BRDA:96,38,2,1
BRDA:97,39,0,1
BRDA:97,39,1,0
BRDA:97,40,0,1
BRDA:97,40,1,0
BRDA:97,40,2,0
BRDA:98,41,0,0
BRDA:98,41,1,0
BRDA:115,42,0,5
BRDA:115,42,1,9
BRDA:119,43,0,0
BRDA:119,43,1,5
BRDA:128,44,0,1
BRDA:128,44,1,8
BRDA:156,45,0,7
BRDA:156,45,1,0
BRF:94
BRH:77
end_of_record
